0	1	mikroCPIC32.exe -MSF -DBG -pP32MX795F512L -C -DL -SSA -EBASE 0x9FC01000 -INTDEF MV_SRS7_IS32 -O11111115 -fo80 -N"D:\Clicks_git\I\IR-Grid_2_Click\SW\example\c\PIC32\Click_IR_Grid2_PIC32.mcp32" -SP"C:\Users\Public\Documents\Mikroelektronika\mikroC PRO for PIC32\Defs\" -SP"C:\Users\Public\Documents\Mikroelektronika\mikroC PRO for PIC32\Uses\" -SP"D:\Clicks_git\I\IR-Grid_2_Click\SW\example\c\PIC32\" -SP"D:\Clicks_git\I\IR-Grid_2_Click\SW\library\HAL\" -SP"D:\Clicks_git\I\IR-Grid_2_Click\SW\library\" -SP"C:\Users\Public\Documents\Mikroelektronika\mikroC PRO for PIC32\Packages\mikroBUS Board Definition API\Uses\" -IP"C:\Users\Public\Documents\Mikroelektronika\mikroC PRO for PIC32\Uses\" -IP"D:\Clicks_git\I\IR-Grid_2_Click\SW\example\c\PIC32\" -IP"D:\Clicks_git\I\IR-Grid_2_Click\SW\library\" -IP"D:\Clicks_git\I\IR-Grid_2_Click\SW\library\HAL\" -IP"C:\Users\Public\Documents\Mikroelektronika\mikroC PRO for PIC32\Packages\mikroBUS Board Definition API\Uses\" "Click_IR_Grid2_PIC32.c" "__irgrid2_Driver.c" "color_scale.c" "__Lib_CP0.emcl" "__Lib_Math.emcl" "__Lib_MathDouble.emcl" "__Lib_System.emcl" "__Lib_SoftResetDma.emcl" "__Lib_Delays.emcl" "__Lib_CString.emcl" "__Lib_Conversions.emcl" "__Lib_ADC.emcl" "__Lib_I2C_12345.emcl" "__Lib_UART_123456.emcl" "easypicfusion_v7_P32MX795F512L.emcl" "Click_IR_Grid2.pld"	 
diagnostics: 0	122	Compilation Started	stdint.h
diagnostics: 90	123	Compiled Successfully	Click_IR_Grid2_PIC32.c
diagnostics: 0	122	Compilation Started	stdint.h
diagnostics: 1414	123	Compiled Successfully	__irgrid2_Driver.c
warning: 1056	1512	variable 'statusRegister' might not have been initialized	__irgrid2_Driver.c
hint: 323	1164	Variable 'tmp' has been eliminated by optimizer	__irgrid2_Driver.c
hint: 95	1164	Variable 'tmp' has been eliminated by optimizer	__irgrid2_Driver.c
hint: 268	1164	Variable 'deviceSelect' has been eliminated by optimizer	__irgrid2_Driver.c
hint: 354	1164	Variable 'resolutionEE' has been eliminated by optimizer	__irgrid2_Driver.c
hint: 625	1164	Variable 'split' has been eliminated by optimizer	__irgrid2_Driver.c
hint: 680	1164	Variable 'ktaScale1' has been eliminated by optimizer	__irgrid2_Driver.c
hint: 681	1164	Variable 'kvScale' has been eliminated by optimizer	__irgrid2_Driver.c
hint: 948	1164	Variable 'dataCnt' has been eliminated by optimizer	__irgrid2_Driver.c
hint: 1004	1164	Variable '_Ta' has been eliminated by optimizer	__irgrid2_Driver.c
hint: 1074	1164	Variable 'resolutionRAM' has been eliminated by optimizer	__irgrid2_Driver.c
hint: 1095	1164	Variable 'refreshRate' has been eliminated by optimizer	__irgrid2_Driver.c
hint: 1105	1164	Variable 'value' has been eliminated by optimizer	__irgrid2_Driver.c
hint: 1115	1164	Variable 'value' has been eliminated by optimizer	__irgrid2_Driver.c
hint: 1125	1164	Variable 'modeRAM' has been eliminated by optimizer	__irgrid2_Driver.c
hint: 1139	1164	Variable 'ta' has been eliminated by optimizer	__irgrid2_Driver.c
hint: 1303	1164	Variable 'alphaCompensated' has been eliminated by optimizer	__irgrid2_Driver.c
hint: 1309	1164	Variable 'image' has been eliminated by optimizer	__irgrid2_Driver.c
hint: 1400	1164	Variable 'resolutionCorrection' has been eliminated by optimizer	__irgrid2_Driver.c
diagnostics: 0	122	Compilation Started	stdint.h
diagnostics: 187	123	Compiled Successfully	color_scale.c
diagnostics: 0	127	All files Compiled in 406 ms	 
hint: 0	1144	Used RX: 32 (100%)   Free RX: 0 (0%)	Used RX: 32 (100%)   Free RX: 0 (0%)
hint: 0	1144	Static RAM (bytes): 17607   Dynamic RAM (bytes): 113461	Static RAM (bytes): 17607   Dynamic RAM (bytes): 113461
hint: 0	1144	Used ROM (bytes): 32300 (6%)  Free ROM (bytes): 491988 (94%)	Used ROM (bytes): 32300 (6%)  Free ROM (bytes): 491988 (94%)
hint: 0	1144	Used BOOTROM (bytes): 320 (3%)  Free BOOTROM (bytes): 11953 (97%)	Used BOOTROM (bytes): 320 (3%)  Free BOOTROM (bytes): 11953 (97%)
diagnostics: 0	125	Project Linked Successfully	Click_IR_Grid2_PIC32.mcp32
diagnostics: 0	128	Linked in 235 ms	 
diagnostics: 0	129	Project 'Click_IR_Grid2_PIC32.mcp32' completed: 766 ms	 
diagnostics: 0	103	Finished successfully: 28 avg 2018, 14:48:43	Click_IR_Grid2_PIC32.mcp32
