0	1	mikroCARM.exe -MSF -DBG -pMSP432P401R -BIN -C -DL -SSA -O11111114 -fo48 -N"D:\Clicks_git\I\IR-Grid_2_Click\SW\example\c\ARM\MSP\Click_IR_Grid2_MSP.mcpar" -SP"C:\Users\Public\Documents\Mikroelektronika\mikroC PRO for ARM\Defs\" -SP"C:\Users\Public\Documents\Mikroelektronika\mikroC PRO for ARM\Uses\TI M4\" -SP"D:\Clicks_git\I\IR-Grid_2_Click\SW\example\c\ARM\MSP\" -SP"D:\Clicks_git\I\IR-Grid_2_Click\SW\library\HAL\" -SP"D:\Clicks_git\I\IR-Grid_2_Click\SW\library\" -SP"C:\Users\Public\Documents\Mikroelektronika\mikroC PRO for ARM\Packages\mikroBUS Board Definition API\Uses\" -IP"C:\Users\Public\Documents\Mikroelektronika\mikroC PRO for ARM\Uses\TI M4\" -IP"D:\Clicks_git\I\IR-Grid_2_Click\SW\example\c\ARM\MSP\" -IP"D:\Clicks_git\I\IR-Grid_2_Click\SW\library\" -IP"D:\Clicks_git\I\IR-Grid_2_Click\SW\library\HAL\" -IP"C:\Users\Public\Documents\Mikroelektronika\mikroC PRO for ARM\Packages\mikroBUS Board Definition API\Uses\" "Click_IR_Grid2_MSP.c" "__irgrid2_driver.c" "__Lib_Math.emcl" "__Lib_MathDouble.emcl" "__Lib_Delays_MSP432.emcl" "__Lib_System_MSP432P.emcl" "__Lib_GPIO_MSP_Defs.emcl" "__Lib_GPIO_MSP.emcl" "__Lib_CString.emcl" "__Lib_Conversions.emcl" "__Lib_I2C_MSP.emcl" "__Lib_UART_MSP.emcl" "clicker_2_MSP432.emcl" "Click_IR_Grid2.pld"	 
diagnostics: 0	122	Compilation Started	stdint.h
diagnostics: 87	123	Compiled Successfully	Click_IR_Grid2_MSP.c
diagnostics: 0	122	Compilation Started	stdint.h
diagnostics: 1414	123	Compiled Successfully	__irgrid2_driver.c
hint: 323	1164	Variable 'tmp' has been eliminated by optimizer	__irgrid2_driver.c
hint: 81	1164	Variable 'tmp' has been eliminated by optimizer	__irgrid2_driver.c
hint: 96	1164	Variable 'ptr' has been eliminated by optimizer	__irgrid2_driver.c
hint: 104	1164	Variable 'ptr' has been eliminated by optimizer	__irgrid2_driver.c
hint: 268	1164	Variable 'deviceSelect' has been eliminated by optimizer	__irgrid2_driver.c
hint: 354	1164	Variable 'resolutionEE' has been eliminated by optimizer	__irgrid2_driver.c
hint: 625	1164	Variable 'split' has been eliminated by optimizer	__irgrid2_driver.c
hint: 680	1164	Variable 'ktaScale1' has been eliminated by optimizer	__irgrid2_driver.c
hint: 681	1164	Variable 'kvScale' has been eliminated by optimizer	__irgrid2_driver.c
hint: 948	1164	Variable 'dataCnt' has been eliminated by optimizer	__irgrid2_driver.c
hint: 1004	1164	Variable '_Ta' has been eliminated by optimizer	__irgrid2_driver.c
hint: 1074	1164	Variable 'resolutionRAM' has been eliminated by optimizer	__irgrid2_driver.c
hint: 1095	1164	Variable 'refreshRate' has been eliminated by optimizer	__irgrid2_driver.c
hint: 1105	1164	Variable 'value' has been eliminated by optimizer	__irgrid2_driver.c
hint: 1115	1164	Variable 'value' has been eliminated by optimizer	__irgrid2_driver.c
hint: 1125	1164	Variable 'modeRAM' has been eliminated by optimizer	__irgrid2_driver.c
hint: 1139	1164	Variable 'ta' has been eliminated by optimizer	__irgrid2_driver.c
hint: 1167	1164	Variable 'tr4' has been eliminated by optimizer	__irgrid2_driver.c
hint: 1178	1164	Variable 'Sx' has been eliminated by optimizer	__irgrid2_driver.c
hint: 1303	1164	Variable 'alphaCompensated' has been eliminated by optimizer	__irgrid2_driver.c
hint: 1309	1164	Variable 'image' has been eliminated by optimizer	__irgrid2_driver.c
hint: 1400	1164	Variable 'resolutionCorrection' has been eliminated by optimizer	__irgrid2_driver.c
diagnostics: 0	127	All files Compiled in 281 ms	 
hint: 0	1144	Used RX: 16 (100%)   Free RX: 0 (0%)	Used RX: 16 (100%)   Free RX: 0 (0%)
hint: 0	1144	Static RAM (bytes): 17596   Dynamic RAM (bytes): 47937	Static RAM (bytes): 17596   Dynamic RAM (bytes): 47937
hint: 0	1144	Used ROM (bytes): 20659 (8%)  Free ROM (bytes): 241485 (92%)	Used ROM (bytes): 20659 (8%)  Free ROM (bytes): 241485 (92%)
diagnostics: 0	125	Project Linked Successfully	Click_IR_Grid2_MSP.mcpar
diagnostics: 0	128	Linked in 281 ms	 
diagnostics: 0	129	Project 'Click_IR_Grid2_MSP.mcpar' completed: 687 ms	 
diagnostics: 0	103	Finished successfully: 28 avg 2018, 14:15:43	Click_IR_Grid2_MSP.mcpar
