0	1	mikroCFT90x.exe -MSF -DBG -p FT900 -UICD -RA -BIN -DL -SSA -O11111114 -fo100 -N"D:\Clicks_git\I\IR-Grid_2_Click\SW\example\c\FT90x\Click_IR_Grid2_FT90x.mcpf9" -SP"C:\Users\Public\Documents\Mikroelektronika\mikroC PRO for FT90x\Defs\" -SP"C:\Users\Public\Documents\Mikroelektronika\mikroC PRO for FT90x\Uses\" -SP"D:\Clicks_git\I\IR-Grid_2_Click\SW\example\c\FT90x\" -SP"D:\Clicks_git\I\IR-Grid_2_Click\SW\library\HAL\" -SP"D:\Clicks_git\I\IR-Grid_2_Click\SW\library\" -SP"C:\Users\Public\Documents\Mikroelektronika\mikroC PRO for FT90x\Packages\mikroBUS Board Definition API\Uses\" -IP"C:\Users\Public\Documents\Mikroelektronika\mikroC PRO for FT90x\Uses\" -IP"D:\Clicks_git\I\IR-Grid_2_Click\SW\example\c\FT90x\" -IP"D:\Clicks_git\I\IR-Grid_2_Click\SW\library\" -IP"D:\Clicks_git\I\IR-Grid_2_Click\SW\library\HAL\" -IP"C:\Users\Public\Documents\Mikroelektronika\mikroC PRO for FT90x\Packages\mikroBUS Board Definition API\Uses\" "Click_IR_Grid2_FT90x.c" "__irgrid2_Driver.c" "__Lib_Delays.emcl" "__Lib_System.emcl" "__Lib_Math.emcl" "__Lib_MathDouble.emcl" "__Lib_GPIO.emcl" "__Lib_CString.emcl" "__Lib_CMath.emcl" "__Lib_Conversions.emcl" "__Lib_I2C.emcl" "__Lib_UART.emcl" "easyft90x_v7_FT900.emcl" "Click_IR_Grid2.pld"	 
diagnostics: 0	122	Compilation Started	FT900.c
diagnostics: 15131	123	Compiled Successfully	FT900.c
diagnostics: 0	122	Compilation Started	__Lib_Delays.c
diagnostics: 163	123	Compiled Successfully	__Lib_Delays.c
hint: 14	1164	Variable 'cpuClockDiv' has been eliminated by optimizer	__Lib_Delays.c
diagnostics: 0	122	Compilation Started	stdint.h
diagnostics: 349	123	Compiled Successfully	easyft90x_v7_FT900.c
diagnostics: 0	122	Compilation Started	stdint.h
diagnostics: 90	123	Compiled Successfully	Click_IR_Grid2_FT90x.c
diagnostics: 0	122	Compilation Started	stdint.h
warning: 958	1508	Implicit conversion of int to ptr	__irgrid2_Driver.c
warning: 959	1508	Implicit conversion of int to ptr	__irgrid2_Driver.c
diagnostics: 1415	123	Compiled Successfully	__irgrid2_Driver.c
warning: 1057	1512	variable 'statusRegister' might not have been initialized	__irgrid2_Driver.c
hint: 323	1164	Variable 'tmp' has been eliminated by optimizer	__irgrid2_Driver.c
hint: 89	1164	Variable 'tmp' has been eliminated by optimizer	__irgrid2_Driver.c
hint: 268	1164	Variable 'deviceSelect' has been eliminated by optimizer	__irgrid2_Driver.c
hint: 354	1164	Variable 'resolutionEE' has been eliminated by optimizer	__irgrid2_Driver.c
hint: 625	1164	Variable 'split' has been eliminated by optimizer	__irgrid2_Driver.c
hint: 680	1164	Variable 'ktaScale1' has been eliminated by optimizer	__irgrid2_Driver.c
hint: 681	1164	Variable 'kvScale' has been eliminated by optimizer	__irgrid2_Driver.c
hint: 948	1164	Variable 'dataCnt' has been eliminated by optimizer	__irgrid2_Driver.c
hint: 1005	1164	Variable '_Ta' has been eliminated by optimizer	__irgrid2_Driver.c
hint: 1075	1164	Variable 'resolutionRAM' has been eliminated by optimizer	__irgrid2_Driver.c
hint: 1096	1164	Variable 'refreshRate' has been eliminated by optimizer	__irgrid2_Driver.c
hint: 1106	1164	Variable 'value' has been eliminated by optimizer	__irgrid2_Driver.c
hint: 1116	1164	Variable 'value' has been eliminated by optimizer	__irgrid2_Driver.c
hint: 1126	1164	Variable 'modeRAM' has been eliminated by optimizer	__irgrid2_Driver.c
hint: 1140	1164	Variable 'ta' has been eliminated by optimizer	__irgrid2_Driver.c
hint: 1304	1164	Variable 'alphaCompensated' has been eliminated by optimizer	__irgrid2_Driver.c
hint: 1310	1164	Variable 'image' has been eliminated by optimizer	__irgrid2_Driver.c
hint: 1401	1164	Variable 'resolutionCorrection' has been eliminated by optimizer	__irgrid2_Driver.c
diagnostics: 0	127	All files Compiled in 407 ms	 
hint: 0	1144	Used RX: 30 (94%)   Free RX: 2 (6%)	Used RX: 30 (94%)   Free RX: 2 (6%)
hint: 0	1144	Static RAM (bytes): 17769   Dynamic RAM (bytes): 47757	Static RAM (bytes): 17769   Dynamic RAM (bytes): 47757
hint: 0	1144	Used ROM (bytes): 31434 (12%)  Free ROM (bytes): 230710 (88%)	Used ROM (bytes): 31434 (12%)  Free ROM (bytes): 230710 (88%)
diagnostics: 0	125	Project Linked Successfully	Click_IR_Grid2_FT90x.mcpf9
diagnostics: 0	128	Linked in 234 ms	 
diagnostics: 0	129	Project 'Click_IR_Grid2_FT90x.mcpf9' completed: 1078 ms	 
diagnostics: 0	103	Finished successfully: 28 avg 2018, 14:41:08	Click_IR_Grid2_FT90x.mcpf9
