0	1	mikroCARM.exe -MSF -DBG -pMK64FN1M0XXX12 -BIN -C -DL -SSA -O11111114 -fo120 -N"D:\Clicks_git\I\IR-Grid_2_Click\SW\example\c\ARM\KINETIS\Click_IR_Grid2_KINETIS.mcpar" -SP"C:\Users\Public\Documents\Mikroelektronika\mikroC PRO for ARM\Defs\" -SP"C:\Users\Public\Documents\Mikroelektronika\mikroC PRO for ARM\Uses\NXP M4\" -SP"D:\Clicks_git\I\IR-Grid_2_Click\SW\example\c\ARM\KINETIS\" -SP"D:\Clicks_git\I\IR-Grid_2_Click\SW\library\HAL\" -SP"D:\Clicks_git\I\IR-Grid_2_Click\SW\library\" -SP"C:\Users\Public\Documents\Mikroelektronika\mikroC PRO for ARM\Packages\mikroBUS Board Definition API\Uses\" -IP"C:\Users\Public\Documents\Mikroelektronika\mikroC PRO for ARM\Uses\NXP M4\" -IP"D:\Clicks_git\I\IR-Grid_2_Click\SW\example\c\ARM\KINETIS\" -IP"D:\Clicks_git\I\IR-Grid_2_Click\SW\library\" -IP"D:\Clicks_git\I\IR-Grid_2_Click\SW\library\HAL\" -IP"C:\Users\Public\Documents\Mikroelektronika\mikroC PRO for ARM\Packages\mikroBUS Board Definition API\Uses\" "Click_IR_Grid2_KINETIS.c" "__irgrid2_driver.c" "__Lib_Math.emcl" "__Lib_MathDouble.emcl" "__Lib_Delays.emcl" "__Lib_System.emcl" "__Lib_GPIO_MK64_Defs.emcl" "__Lib_GPIO.emcl" "__Lib_CString.emcl" "__Lib_Conversions.emcl" "__Lib_I2C_012.emcl" "__Lib_UART_012345.emcl" "docking_station_HEXIWEAR.emcl" "Click_IR_Grid2.pld"	 
diagnostics: 0	122	Compilation Started	stdint.h
diagnostics: 87	123	Compiled Successfully	Click_IR_Grid2_KINETIS.c
diagnostics: 0	122	Compilation Started	stdint.h
diagnostics: 1414	123	Compiled Successfully	__irgrid2_driver.c
hint: 323	1164	Variable 'tmp' has been eliminated by optimizer	__irgrid2_driver.c
hint: 84	1164	Variable 'tmp' has been eliminated by optimizer	__irgrid2_driver.c
hint: 101	1164	Variable 'ptr' has been eliminated by optimizer	__irgrid2_driver.c
hint: 109	1164	Variable 'ptr' has been eliminated by optimizer	__irgrid2_driver.c
hint: 268	1164	Variable 'deviceSelect' has been eliminated by optimizer	__irgrid2_driver.c
hint: 354	1164	Variable 'resolutionEE' has been eliminated by optimizer	__irgrid2_driver.c
hint: 625	1164	Variable 'split' has been eliminated by optimizer	__irgrid2_driver.c
hint: 680	1164	Variable 'ktaScale1' has been eliminated by optimizer	__irgrid2_driver.c
hint: 681	1164	Variable 'kvScale' has been eliminated by optimizer	__irgrid2_driver.c
hint: 948	1164	Variable 'dataCnt' has been eliminated by optimizer	__irgrid2_driver.c
hint: 1004	1164	Variable '_Ta' has been eliminated by optimizer	__irgrid2_driver.c
hint: 1074	1164	Variable 'resolutionRAM' has been eliminated by optimizer	__irgrid2_driver.c
hint: 1095	1164	Variable 'refreshRate' has been eliminated by optimizer	__irgrid2_driver.c
hint: 1105	1164	Variable 'value' has been eliminated by optimizer	__irgrid2_driver.c
hint: 1115	1164	Variable 'value' has been eliminated by optimizer	__irgrid2_driver.c
hint: 1125	1164	Variable 'modeRAM' has been eliminated by optimizer	__irgrid2_driver.c
hint: 1139	1164	Variable 'ta' has been eliminated by optimizer	__irgrid2_driver.c
hint: 1167	1164	Variable 'tr4' has been eliminated by optimizer	__irgrid2_driver.c
hint: 1178	1164	Variable 'Sx' has been eliminated by optimizer	__irgrid2_driver.c
hint: 1303	1164	Variable 'alphaCompensated' has been eliminated by optimizer	__irgrid2_driver.c
hint: 1309	1164	Variable 'image' has been eliminated by optimizer	__irgrid2_driver.c
hint: 1400	1164	Variable 'resolutionCorrection' has been eliminated by optimizer	__irgrid2_driver.c
diagnostics: 0	127	All files Compiled in 328 ms	 
hint: 0	1144	Used RX: 16 (100%)   Free RX: 0 (0%)	Used RX: 16 (100%)   Free RX: 0 (0%)
hint: 0	1144	Static RAM (bytes): 17575   Dynamic RAM (bytes): 113493	Static RAM (bytes): 17575   Dynamic RAM (bytes): 113493
hint: 0	1144	Used ROM (bytes): 21836 (2%)  Free ROM (bytes): 1026740 (98%)	Used ROM (bytes): 21836 (2%)  Free ROM (bytes): 1026740 (98%)
diagnostics: 0	125	Project Linked Successfully	Click_IR_Grid2_KINETIS.mcpar
diagnostics: 0	128	Linked in 578 ms	 
diagnostics: 0	129	Project 'Click_IR_Grid2_KINETIS.mcpar' completed: 1141 ms	 
diagnostics: 0	103	Finished successfully: 28 avg 2018, 14:06:40	Click_IR_Grid2_KINETIS.mcpar
