0	1	mikroCPIC1618.exe -MSF -DBG -pP18F87K22 -DL -O11111114 -fo64 -N"D:\Clicks_git\I\IR-Grid_2_Click\SW\example\c\PIC\Click_IR_Grid2_PIC.mcppi" -SP"C:\Users\Public\Documents\Mikroelektronika\mikroC PRO for PIC\Defs\" -SP"C:\Users\Public\Documents\Mikroelektronika\mikroC PRO for PIC\uses\P18\" -SP"D:\Clicks_git\I\IR-Grid_2_Click\SW\example\c\PIC\" -SP"D:\Clicks_git\I\IR-Grid_2_Click\SW\library\HAL\" -SP"D:\Clicks_git\I\IR-Grid_2_Click\SW\library\" -SP"C:\Users\Public\Documents\Mikroelektronika\mikroC PRO for PIC\Packages\mikroBUS Board Definition API\Uses\" -IP"C:\Users\Public\Documents\Mikroelektronika\mikroC PRO for PIC\uses\P18\" -IP"D:\Clicks_git\I\IR-Grid_2_Click\SW\example\c\PIC\" -IP"D:\Clicks_git\I\IR-Grid_2_Click\SW\library\" -IP"D:\Clicks_git\I\IR-Grid_2_Click\SW\library\HAL\" -IP"C:\Users\Public\Documents\Mikroelektronika\mikroC PRO for PIC\Packages\mikroBUS Board Definition API\Uses\" "Click_IR_Grid2_PIC.c" "__irgrid2_Driver.c" "__Lib_Math.mcl" "__Lib_MathDouble.mcl" "__Lib_System.mcl" "__Lib_Delays.mcl" "__Lib_CString.mcl" "__Lib_CMath.mcl" "__Lib_Conversions.mcl" "__Lib_I2C_c34d65_k22_k90.mcl" "__Lib_UART_c67g12.mcl" "easypicpro_v7_P18F87K22.mcl" "Click_IR_Grid2.pld"	 
hint: 0	1139	Available RAM: 3841 [bytes], Available ROM: 131072 [bytes]	 
diagnostics: 0	122	Compilation Started	stdint.h
diagnostics: 87	123	Compiled Successfully	Click_IR_Grid2_PIC.c
diagnostics: 0	122	Compilation Started	stdint.h
diagnostics: 1425	123	Compiled Successfully	__irgrid2_Driver.c
hint: 323	1164	Variable 'tmp' has been eliminated by optimizer	__irgrid2_Driver.c
hint: 95	1164	Variable 'tmp' has been eliminated by optimizer	__irgrid2_Driver.c
hint: 279	1164	Variable 'deviceSelect' has been eliminated by optimizer	__irgrid2_Driver.c
hint: 366	1164	Variable 'resolutionEE' has been eliminated by optimizer	__irgrid2_Driver.c
hint: 637	1164	Variable 'split' has been eliminated by optimizer	__irgrid2_Driver.c
hint: 692	1164	Variable 'ktaScale1' has been eliminated by optimizer	__irgrid2_Driver.c
hint: 693	1164	Variable 'kvScale' has been eliminated by optimizer	__irgrid2_Driver.c
hint: 960	1164	Variable 'dataCnt' has been eliminated by optimizer	__irgrid2_Driver.c
hint: 1017	1164	Variable '_Ta' has been eliminated by optimizer	__irgrid2_Driver.c
hint: 1085	1164	Variable 'resolutionRAM' has been eliminated by optimizer	__irgrid2_Driver.c
hint: 1106	1164	Variable 'refreshRate' has been eliminated by optimizer	__irgrid2_Driver.c
hint: 1116	1164	Variable 'value' has been eliminated by optimizer	__irgrid2_Driver.c
hint: 1126	1164	Variable 'value' has been eliminated by optimizer	__irgrid2_Driver.c
hint: 1136	1164	Variable 'modeRAM' has been eliminated by optimizer	__irgrid2_Driver.c
hint: 1150	1164	Variable 'ta' has been eliminated by optimizer	__irgrid2_Driver.c
hint: 1178	1164	Variable 'tr4' has been eliminated by optimizer	__irgrid2_Driver.c
hint: 1189	1164	Variable 'Sx' has been eliminated by optimizer	__irgrid2_Driver.c
hint: 1314	1164	Variable 'alphaCompensated' has been eliminated by optimizer	__irgrid2_Driver.c
hint: 1320	1164	Variable 'image' has been eliminated by optimizer	__irgrid2_Driver.c
hint: 1411	1164	Variable 'resolutionCorrection' has been eliminated by optimizer	__irgrid2_Driver.c
diagnostics: 0	127	All files Compiled in 235 ms	 
error: 29	362	Not enough RAM 'mlx90640'	__irgrid2_Driver.c
error: 1020	362	Not enough RAM 'mlx90640Frame'	__irgrid2_Driver.c
error: 1034	362	Not enough RAM 'eeMLX90640'	__irgrid2_Driver.c
error: 958	362	Not enough RAM 'readReg'	__irgrid2_Driver.c
error: 0	102	Finished (with errors): 27 avg 2018, 17:26:45	Click_IR_Grid2_PIC.mcppi
